<?xml version="1.0" encoding="UTF-8"?>
<!-- Generated by org.testng.reporters.JUnitXMLReporter -->
<testsuite ignored="0" hostname="ANHCHAU_DELL3158" failures="1" tests="6" name="Data Driven Test" time="0.454" errors="0" timestamp="2023-04-20T14:55:42 ICT">
  <testcase classname="section16_TestNGTutorial.Test.day2_DataProvider" name="pbalance" time="0.077">
    <failure type="java.lang.AssertionError" message="expected [true] but found [false]">
      <![CDATA[java.lang.AssertionError: expected [true] but found [false]
at section16_TestNGTutorial.Test.day2_DataProvider.pbalance(day2_DataProvider.java:34)
at java.base/java.util.ArrayList.forEach(ArrayList.java:1511)
... Removed 31 stack frames]]>
    </failure>
  </testcase> <!-- pbalance -->
  <testcase classname="section16_TestNGTutorial.Test.day2_DataProvider" name="pcredit" time="0.006"/>
  <testcase classname="section16_TestNGTutorial.Test.day2_DataProvider" name="pcredit" time="0.004"/>
  <testcase classname="section16_TestNGTutorial.Test.day2_DataProvider" name="pcredit" time="0.012"/>
  <testcase classname="section16_TestNGTutorial.Test.day2_DataProvider" name="pdeposit" time="0.018"/>
  <testcase classname="section16_TestNGTutorial.Test.day2_DataProvider" name="ploan" time="0.001"/>
</testsuite> <!-- Data Driven Test -->
