<?xml version="1.0" encoding="UTF-8"?>
<!-- Generated by org.testng.reporters.JUnitXMLReporter -->
<testsuite ignored="1" hostname="ANHCHAU_DELL3158" failures="3" tests="10" name="Test Folder (Module: Personal Loan)" time="0.288" errors="0" timestamp="2023-04-20T15:03:44 ICT">
  <testcase classname="section16_TestNGTutorial.Test.day1" name="demo" time="0.0">
    <failure type="org.testng.TestNGException" message="
Parameter &amp;apos;URL&amp;apos; is required by @Test on method demo but has not been marked @Optional or defined
in D:\Selenium\git_Udemy-Selenium-JAVA-Training\Udemy-SeleniumJAVA-RahulShetty\Tutorial_udemySeleniumJAVA_RahulShetty\testng_methods_In-Exclude.xml">
      <![CDATA[org.testng.TestNGException: 
Parameter 'URL' is required by @Test on method demo but has not been marked @Optional or defined
in D:\Selenium\git_Udemy-Selenium-JAVA-Training\Udemy-SeleniumJAVA-RahulShetty\Tutorial_udemySeleniumJAVA_RahulShetty\testng_methods_In-Exclude.xml
at java.base/java.util.concurrent.ThreadPoolExecutor.runWorker(ThreadPoolExecutor.java:1136)
at java.base/java.util.concurrent.ThreadPoolExecutor$Worker.run(ThreadPoolExecutor.java:635)
at java.base/java.lang.Thread.run(Thread.java:833)
... Removed 11 stack frames]]>
    </failure>
  </testcase> <!-- demo -->
  <testcase classname="section16_TestNGTutorial.Test.day3_carLoan" name="mobileLoginCarLoan" time="0.018"/>
  <testcase classname="section16_TestNGTutorial.Test.day3_carLoan" name="webLoginCarLoan" time="0.0">
    <failure type="org.testng.TestNGException" message="
Parameter &amp;apos;URL&amp;apos; is required by @Test on method webLoginCarLoan but has not been marked @Optional or defined
in D:\Selenium\git_Udemy-Selenium-JAVA-Training\Udemy-SeleniumJAVA-RahulShetty\Tutorial_udemySeleniumJAVA_RahulShetty\testng_methods_In-Exclude.xml">
      <![CDATA[org.testng.TestNGException: 
Parameter 'URL' is required by @Test on method webLoginCarLoan but has not been marked @Optional or defined
in D:\Selenium\git_Udemy-Selenium-JAVA-Training\Udemy-SeleniumJAVA-RahulShetty\Tutorial_udemySeleniumJAVA_RahulShetty\testng_methods_In-Exclude.xml
at java.base/java.util.concurrent.ThreadPoolExecutor.runWorker(ThreadPoolExecutor.java:1136)
at java.base/java.util.concurrent.ThreadPoolExecutor$Worker.run(ThreadPoolExecutor.java:635)
at java.base/java.lang.Thread.run(Thread.java:833)
... Removed 11 stack frames]]>
    </failure>
  </testcase> <!-- webLoginCarLoan -->
  <testcase classname="section16_TestNGTutorial.Test.day2_DataProvider" name="pbalance" time="0.076">
    <failure type="java.lang.AssertionError" message="expected [true] but found [false]">
      <![CDATA[java.lang.AssertionError: expected [true] but found [false]
at section16_TestNGTutorial.Test.day2_DataProvider.pbalance(day2_DataProvider.java:34)
at java.base/java.util.concurrent.ThreadPoolExecutor.runWorker(ThreadPoolExecutor.java:1136)
at java.base/java.util.concurrent.ThreadPoolExecutor$Worker.run(ThreadPoolExecutor.java:635)
at java.base/java.lang.Thread.run(Thread.java:833)
... Removed 16 stack frames]]>
    </failure>
  </testcase> <!-- pbalance -->
  <testcase classname="section16_TestNGTutorial.Test.day2_DataProvider" name="pcredit" time="0.004"/>
  <testcase classname="section16_TestNGTutorial.Test.day2_DataProvider" name="pcredit" time="0.002"/>
  <testcase classname="section16_TestNGTutorial.Test.day2_DataProvider" name="pcredit" time="0.002"/>
  <testcase classname="section16_TestNGTutorial.Test.day2_DataProvider" name="pdeposit" time="0.002"/>
  <testcase classname="section16_TestNGTutorial.Test.day2_DataProvider" name="ploan" time="0.002"/>
  <testcase classname="section16_TestNGTutorial.Test.day3_carLoan" name="APILoginCarLoan" time="0.0">
    <skipped/>
  </testcase> <!-- APILoginCarLoan -->
  <testcase classname="section16_TestNGTutorial.Test.day1" name="secondTest" time="0.0">
    <ignored/>
  </testcase> <!-- secondTest -->
</testsuite> <!-- Test Folder (Module: Personal Loan) -->
