<?xml version="1.0" encoding="UTF-8"?>
<!-- Generated by org.testng.reporters.JUnitXMLReporter -->
<testsuite ignored="1" hostname="ANHCHAU_DELL3158" failures="1" tests="2" name="Test Folder (Module: Car Loan)" time="0.143" errors="0" timestamp="2023-04-20T15:03:44 ICT">
  <testcase classname="section16_TestNGTutorial.Test.day4_homeLoan" name="mobileLoginHomeLoan" time="0.005"/>
  <testcase classname="section16_TestNGTutorial.Test.day4_homeLoan" name="webLoginHomeLoan" time="0.0">
    <failure type="org.testng.TestNGException" message="
Parameter &amp;apos;URL&amp;apos; is required by @Test on method webLoginHomeLoan but has not been marked @Optional or defined
in D:\Selenium\git_Udemy-Selenium-JAVA-Training\Udemy-SeleniumJAVA-RahulShetty\Tutorial_udemySeleniumJAVA_RahulShetty\testng_methods_In-Exclude.xml">
      <![CDATA[org.testng.TestNGException: 
Parameter 'URL' is required by @Test on method webLoginHomeLoan but has not been marked @Optional or defined
in D:\Selenium\git_Udemy-Selenium-JAVA-Training\Udemy-SeleniumJAVA-RahulShetty\Tutorial_udemySeleniumJAVA_RahulShetty\testng_methods_In-Exclude.xml
at java.base/java.util.ArrayList.forEach(ArrayList.java:1511)
at java.base/java.util.concurrent.FutureTask.run(FutureTask.java:264)
at java.base/java.util.concurrent.ThreadPoolExecutor.runWorker(ThreadPoolExecutor.java:1136)
at java.base/java.util.concurrent.ThreadPoolExecutor$Worker.run(ThreadPoolExecutor.java:635)
at java.base/java.lang.Thread.run(Thread.java:833)
... Removed 17 stack frames]]>
    </failure>
  </testcase> <!-- webLoginHomeLoan -->
  <testcase classname="section16_TestNGTutorial.Test.day4_homeLoan" name="APILoginHomeLoan" time="0.0">
    <ignored/>
  </testcase> <!-- APILoginHomeLoan -->
</testsuite> <!-- Test Folder (Module: Car Loan) -->
