<?xml version="1.0" encoding="UTF-8"?>
<testsuite xmlns:xsi="http://www.w3.org/2001/XMLSchema-instance" xsi:noNamespaceSchemaLocation="https://maven.apache.org/surefire/maven-surefire-plugin/xsd/surefire-test-report-3.0.xsd" version="3.0" name="TestSuite" time="19.911" tests="1" errors="0" skipped="0" failures="1">
  <properties>
[...]
</properties>
  <testcase name="titleCheck" classname="section31_CrossBrowserTest_onCloud_with3rdPartyVendors.TestDemo_BrowserStack" time="14.599">
    <failure message="Could not start a new session. Unable to parse remote response: Authorization required &#10;Host info: host: &apos;ANHCHAU_DELL315&apos;, ip: &apos;192.168.1.12&apos;" type="org.openqa.selenium.SessionNotCreatedException"><![CDATA[org.openqa.selenium.SessionNotCreatedException: 
Could not start a new session. Unable to parse remote response: Authorization required 
Host info: host: 'ANHCHAU_DELL315', ip: '192.168.1.12'
	at section31_CrossBrowserTest_onCloud_with3rdPartyVendors.TestDemo_BrowserStack.titleCheck(TestDemo_BrowserStack.java:51)
Caused by: org.openqa.selenium.json.JsonException: Unable to parse: Authorization required
	at section31_CrossBrowserTest_onCloud_with3rdPartyVendors.TestDemo_BrowserStack.titleCheck(TestDemo_BrowserStack.java:51)
Caused by: org.openqa.selenium.json.JsonException: 
Unable to determine type from: A. Last 1 characters read: A
Build info: version: '4.8.3', revision: 'e5e76298c3'
System info: os.name: 'Windows 10', os.arch: 'amd64', os.version: '10.0', java.version: '17.0.3'
Driver info: driver.version: RemoteWebDriver
	at section31_CrossBrowserTest_onCloud_with3rdPartyVendors.TestDemo_BrowserStack.titleCheck(TestDemo_BrowserStack.java:51)
]]></failure>
    <system-err><![CDATA[Jun 02, 2023 3:51:39 PM org.openqa.selenium.remote.tracing.opentelemetry.OpenTelemetryTracer createTracer
INFO: Using OpenTelemetry for tracing
]]></system-err>
  </testcase>
</testsuite>