-------------------------------------------------------------------------------
Test set: TestSuite
-------------------------------------------------------------------------------
Tests run: 1, Failures: 1, Errors: 0, Skipped: 0, Time elapsed: 19.911 s <<< FAILURE! - in TestSuite
section31_CrossBrowserTest_onCloud_with3rdPartyVendors.TestDemo_BrowserStack.titleCheck  Time elapsed: 14.599 s  <<< FAILURE!
org.openqa.selenium.SessionNotCreatedException: 
Could not start a new session. Unable to parse remote response: Authorization required 
Host info: host: 'ANHCHAU_DELL315', ip: '192.168.1.12'
	at section31_CrossBrowserTest_onCloud_with3rdPartyVendors.TestDemo_BrowserStack.titleCheck(TestDemo_BrowserStack.java:51)
Caused by: org.openqa.selenium.json.JsonException: Unable to parse: Authorization required
	at section31_CrossBrowserTest_onCloud_with3rdPartyVendors.TestDemo_BrowserStack.titleCheck(TestDemo_BrowserStack.java:51)
Caused by: org.openqa.selenium.json.JsonException: 
Unable to determine type from: A. Last 1 characters read: A
Build info: version: '4.8.3', revision: 'e5e76298c3'
System info: os.name: 'Windows 10', os.arch: 'amd64', os.version: '10.0', java.version: '17.0.3'
Driver info: driver.version: RemoteWebDriver
	at section31_CrossBrowserTest_onCloud_with3rdPartyVendors.TestDemo_BrowserStack.titleCheck(TestDemo_BrowserStack.java:51)

