<?xml version="1.0" encoding="UTF-8"?>
<!-- Generated by org.testng.reporters.JUnitReportReporter -->
<testsuite hostname="ANHCHAU_DELL3158" failures="0" tests="1" name="section14_SeleniumJavaStreams_AutomateSortPaginationFilterTheWebTables.javaStream_performWebTable_Filter" time="37.134" errors="0" timestamp="2023-04-18T15:08:40 ICT" skipped="0">
  <testcase classname="section14_SeleniumJavaStreams_AutomateSortPaginationFilterTheWebTables.javaStream_performWebTable_Filter" name="filter" time="37.134"/>
  <system-out/>
</testsuite> <!-- section14_SeleniumJavaStreams_AutomateSortPaginationFilterTheWebTables.javaStream_performWebTable_Filter -->
