<?xml version="1.0" encoding="UTF-8"?>
<!-- Generated by org.testng.reporters.JUnitReportReporter -->
<testsuite hostname="ANHCHAU_DELL3158" failures="0" tests="1" name="section14_SeleniumJavaStreams_AutomateSortPaginationFilterTheWebTables.javaStream_performWebTable_Sorting" time="53.917" errors="0" timestamp="2023-04-18T15:03:23 ICT" skipped="0">
  <testcase classname="section14_SeleniumJavaStreams_AutomateSortPaginationFilterTheWebTables.javaStream_performWebTable_Sorting" name="sortColumn" time="53.917"/>
  <system-out/>
</testsuite> <!-- section14_SeleniumJavaStreams_AutomateSortPaginationFilterTheWebTables.javaStream_performWebTable_Sorting -->
