<?xml version="1.0" encoding="UTF-8"?>
<!-- Generated by org.testng.reporters.JUnitReportReporter -->
<testsuite hostname="ANHCHAU_DELL3158" failures="0" tests="1" name="section17_LearnJavaOOPneededForFrameworkDevelopment.PS1_useExtends" time="0.042" errors="0" timestamp="2023-04-11T15:35:57 ICT" skipped="0">
  <testcase classname="section17_LearnJavaOOPneededForFrameworkDevelopment.PS1_useExtends" name="testRun" time="0.042"/>
  <system-out/>
</testsuite> <!-- section17_LearnJavaOOPneededForFrameworkDevelopment.PS1_useExtends -->
