<?xml version="1.0" encoding="UTF-8"?>
<!-- Generated by org.testng.reporters.JUnitReportReporter -->
<testsuite hostname="ANHCHAU_DELL3158" failures="0" tests="3" name="section14_SeleniumJavaStreams_AutomateSortPaginationFilterTheWebTables.Test1_streamFilter" time="0.065" errors="0" timestamp="2023-04-18T11:09:00 ICT" skipped="0">
  <testcase classname="section14_SeleniumJavaStreams_AutomateSortPaginationFilterTheWebTables.Test1_streamFilter" name="streamFilter" time="0.027"/>
  <system-out/>
  <testcase classname="section14_SeleniumJavaStreams_AutomateSortPaginationFilterTheWebTables.Test1_streamFilter" name="forLoop" time="0.019"/>
  <system-out/>
  <testcase classname="section14_SeleniumJavaStreams_AutomateSortPaginationFilterTheWebTables.Test1_streamFilter" name="streamMap" time="0.019"/>
  <system-out/>
</testsuite> <!-- section14_SeleniumJavaStreams_AutomateSortPaginationFilterTheWebTables.Test1_streamFilter -->
