<?xml version="1.0" encoding="UTF-8"?>
<!-- Generated by org.testng.reporters.JUnitReportReporter -->
<testsuite hostname="ANHCHAU_DELL3158" failures="0" tests="1" name="section17_LearnJavaOOPneededForFrameworkDevelopment.PS1_noExtends" time="0.028" errors="0" timestamp="2023-04-11T15:33:26 ICT" skipped="0">
  <testcase classname="section17_LearnJavaOOPneededForFrameworkDevelopment.PS1_noExtends" name="testRun" time="0.028"/>
  <system-out/>
</testsuite> <!-- section17_LearnJavaOOPneededForFrameworkDevelopment.PS1_noExtends -->
