<?xml version="1.0" encoding="UTF-8"?>
<!-- Generated by org.testng.reporters.JUnitReportReporter -->
<testsuite hostname="ANHCHAU_DELL3158" failures="0" tests="3" name="section16_TestNGTutorial.Test.day3_carLoan" time="0.020" errors="1" timestamp="2023-04-20T15:03:45 ICT" skipped="1">
  <testcase classname="section16_TestNGTutorial.Test.day3_carLoan" name="webLoginCarLoan" time="0.002">
    <error message="
Parameter &#039;URL&#039; is required by @Test on method webLoginCarLoan but has not been marked @Optional or defined
in D:\Selenium\git_Udemy-Selenium-JAVA-Training\Udemy-SeleniumJAVA-RahulShetty\Tutorial_udemySeleniumJAVA_RahulShetty\testng_methods_In-Exclude.xml" type="org.testng.TestNGException">
      <![CDATA[org.testng.TestNGException: 
Parameter 'URL' is required by @Test on method webLoginCarLoan but has not been marked @Optional or defined
in D:\Selenium\git_Udemy-Selenium-JAVA-Training\Udemy-SeleniumJAVA-RahulShetty\Tutorial_udemySeleniumJAVA_RahulShetty\testng_methods_In-Exclude.xml
at org.testng.internal.Parameters.createParams(Parameters.java:270)
at org.testng.internal.Parameters.createParametersForMethod(Parameters.java:358)
at org.testng.internal.Parameters.createParameters(Parameters.java:700)
at org.testng.internal.Parameters.handleParameters(Parameters.java:884)
at org.testng.internal.Parameters.handleParameters(Parameters.java:740)
at org.testng.internal.ParameterHandler.handleParameters(ParameterHandler.java:59)
at org.testng.internal.ParameterHandler.createParameters(ParameterHandler.java:38)
at org.testng.internal.TestInvoker$MethodInvocationAgent.invoke(TestInvoker.java:791)
at org.testng.internal.TestInvoker.invokeTestMethods(TestInvoker.java:146)
at org.testng.internal.TestMethodWorker.invokeTestMethods(TestMethodWorker.java:146)
at org.testng.internal.TestMethodWorker.run(TestMethodWorker.java:128)
at java.base/java.util.concurrent.ThreadPoolExecutor.runWorker(ThreadPoolExecutor.java:1136)
at java.base/java.util.concurrent.ThreadPoolExecutor$Worker.run(ThreadPoolExecutor.java:635)
at java.base/java.lang.Thread.run(Thread.java:833)
]]>
    </error>
  </testcase> <!-- webLoginCarLoan -->
  <system-out/>
  <testcase classname="section16_TestNGTutorial.Test.day3_carLoan" name="mobileLoginCarLoan" time="0.018"/>
  <system-out/>
  <testcase classname="section16_TestNGTutorial.Test.day3_carLoan" name="APILoginCarLoan" time="0.000">
    <skipped/>
  </testcase> <!-- APILoginCarLoan -->
  <system-out/>
</testsuite> <!-- section16_TestNGTutorial.Test.day3_carLoan -->
