<?xml version="1.0" encoding="UTF-8"?>
<!-- Generated by org.testng.reporters.JUnitReportReporter -->
<testsuite hostname="ANHCHAU_DELL3158" failures="0" tests="1" name="section17_LearnJavaOOPneededForFrameworkDevelopment.PS1" time="0.027" errors="0" timestamp="2023-04-11T15:56:48 ICT" skipped="0">
  <testcase classname="section17_LearnJavaOOPneededForFrameworkDevelopment.PS1" name="testRun" time="0.027"/>
  <system-out/>
</testsuite> <!-- section17_LearnJavaOOPneededForFrameworkDevelopment.PS1 -->
