<?xml version="1.0" encoding="UTF-8"?>
<!-- Generated by org.testng.reporters.JUnitReportReporter -->
<testsuite hostname="ANHCHAU_DELL3158" failures="0" tests="2" name="section14_SeleniumJavaStreams_AutomateSortPaginationFilterTheWebTables.test1" time="0.132" errors="0" timestamp="2023-04-18T10:30:04 ICT" skipped="0">
  <testcase classname="section14_SeleniumJavaStreams_AutomateSortPaginationFilterTheWebTables.test1" name="streamFilter" time="0.110"/>
  <system-out/>
  <testcase classname="section14_SeleniumJavaStreams_AutomateSortPaginationFilterTheWebTables.test1" name="forLoop" time="0.022"/>
  <system-out/>
</testsuite> <!-- section14_SeleniumJavaStreams_AutomateSortPaginationFilterTheWebTables.test1 -->
