<?xml version="1.0" encoding="UTF-8"?>
<!-- Generated by org.testng.reporters.JUnitReportReporter -->
<testsuite hostname="ANHCHAU_DELL3158" failures="0" tests="1" name="section14_SeleniumJavaStreams_AutomateSortPaginationFilterTheWebTables.Test1_streamFilterSortedMapCollect" time="0.032" errors="0" timestamp="2023-04-18T13:45:54 ICT" skipped="0">
  <testcase classname="section14_SeleniumJavaStreams_AutomateSortPaginationFilterTheWebTables.Test1_streamFilterSortedMapCollect" name="streamCollect" time="0.032"/>
  <system-out/>
</testsuite> <!-- section14_SeleniumJavaStreams_AutomateSortPaginationFilterTheWebTables.Test1_streamFilterSortedMapCollect -->
